<?xml version="1.0" encoding="UTF-8"?>
<!-- Generated by org.testng.reporters.JUnitReportReporter -->
<testsuite skipped="0" hostname="Yogiiiii" name="fb.facebookTest.FacebookloginTest" tests="2" failures="0" timestamp="19 Sep 2018 11:07:16 GMT" time="63.231" errors="0">
  <testcase name="login" time="36.603" classname="fb.facebookTest.FacebookloginTest"/>
  <testcase name="logo1" time="26.628" classname="fb.facebookTest.FacebookloginTest"/>
</testsuite> <!-- fb.facebookTest.FacebookloginTest -->
