<?xml version="1.0" encoding="UTF-8"?>
<!-- Generated by org.testng.reporters.JUnitReportReporter -->
<testsuite skipped="0" hostname="Yogiiiii" name="fb.facebookTest.FacebookloginTest" tests="1" failures="0" timestamp="19 Sep 2018 06:09:37 GMT" time="140.846" errors="0">
  <testcase name="login" time="140.846" classname="fb.facebookTest.FacebookloginTest"/>
</testsuite> <!-- fb.facebookTest.FacebookloginTest -->
